<?xml version="1.0" encoding="UTF-8"?>
<!-- Generated by org.testng.reporters.JUnitReportReporter -->
<testsuite skipped="0" hostname="Sudip" name="a_yourstore.com.Login_Suite" tests="2" failures="0" timestamp="18 Dec 2019 15:14:37 GMT" time="57.751" errors="0">
  <testcase name="verifylogin" time="29.366" classname="a_yourstore.com.Login_Suite"/>
  <testcase name="verifyinvalidlogin" time="28.385" classname="a_yourstore.com.Login_Suite"/>
</testsuite> <!-- a_yourstore.com.Login_Suite -->
